<?xml version="1.0" encoding="UTF-8"?>
<!-- Generated by org.testng.reporters.JUnitXMLReporter -->
<testsuite ignored="0" hostname="LTIN689548" failures="0" tests="3" name="Pure TestNG Tests" time="26.269" errors="0" timestamp="2026-04-21T17:29:57 IST">
  <testcase classname="tests.UrbanLadderTestNGTest" name="verifyBookshelves" time="1.992"/>
  <testcase classname="tests.UrbanLadderTestNGTest" name="verifySofaMenu" time="0.425"/>
  <testcase classname="tests.UrbanLadderTestNGTest" name="verifyGiftCard" time="4.023"/>
</testsuite> <!-- Pure TestNG Tests -->
