<?xml version="1.0" encoding="UTF-8"?>
<testng-results ignored="0" total="3" passed="3" failed="0" skipped="0">
  <reporter-output>
  </reporter-output>
  <suite started-at="2026-04-21T17:30:14 IST" name="Default suite" finished-at="2026-04-21T17:30:49 IST" duration-ms="34769">
    <groups>
      <group name="cucumber">
        <method signature="AbstractTestNGCucumberTests.runScenario(io.cucumber.testng.PickleWrapper,io.cucumber.testng.FeatureWrapper)[pri:0, instance:runners.TestRunner@21d03963]" name="runScenario" class="io.cucumber.testng.AbstractTestNGCucumberTests"/>
      </group> <!-- cucumber -->
    </groups>
    <test started-at="2026-04-21T17:30:14 IST" name="Default test" finished-at="2026-04-21T17:30:49 IST" duration-ms="34769">
      <class name="runners.TestRunner">
        <test-method is-config="true" signature="setUpClass(org.testng.ITestContext)[pri:0, instance:runners.TestRunner@21d03963]" started-at="2026-04-21T17:30:14 IST" name="setUpClass" finished-at="2026-04-21T17:30:14 IST" duration-ms="331" status="PASS">
          <params>
            <param index="0">
              <value>
                <![CDATA[org.testng.TestRunner@2dff7085]]>
              </value>
            </param>
          </params>
          <reporter-output>
          </reporter-output>
        </test-method> <!-- setUpClass -->
        <test-method signature="runScenario(io.cucumber.testng.PickleWrapper,io.cucumber.testng.FeatureWrapper)[pri:0, instance:runners.TestRunner@21d03963]" started-at="2026-04-21T17:30:14 IST" name="runScenario" description="Runs Cucumber Scenarios" data-provider="scenarios" finished-at="2026-04-21T17:30:23 IST" duration-ms="9267" status="PASS">
          <params>
            <param index="0">
              <value>
                <![CDATA["Verify first three bookshelves"]]>
              </value>
            </param>
            <param index="1">
              <value>
                <![CDATA["Bookshelves"]]>
              </value>
            </param>
          </params>
          <reporter-output>
          </reporter-output>
        </test-method> <!-- runScenario -->
        <test-method signature="runScenario(io.cucumber.testng.PickleWrapper,io.cucumber.testng.FeatureWrapper)[pri:0, instance:runners.TestRunner@21d03963]" started-at="2026-04-21T17:30:23 IST" name="runScenario" description="Runs Cucumber Scenarios" data-provider="scenarios" finished-at="2026-04-21T17:30:30 IST" duration-ms="7024" status="PASS">
          <params>
            <param index="0">
              <value>
                <![CDATA["Print sofa categories"]]>
              </value>
            </param>
            <param index="1">
              <value>
                <![CDATA["Sofa Menu"]]>
              </value>
            </param>
          </params>
          <reporter-output>
          </reporter-output>
        </test-method> <!-- runScenario -->
        <test-method signature="runScenario(io.cucumber.testng.PickleWrapper,io.cucumber.testng.FeatureWrapper)[pri:0, instance:runners.TestRunner@21d03963]" started-at="2026-04-21T17:30:30 IST" name="runScenario" description="Runs Cucumber Scenarios" data-provider="scenarios" finished-at="2026-04-21T17:30:48 IST" duration-ms="18104" status="PASS">
          <params>
            <param index="0">
              <value>
                <![CDATA["Verify gift card invalid email"]]>
              </value>
            </param>
            <param index="1">
              <value>
                <![CDATA["Gift Card"]]>
              </value>
            </param>
          </params>
          <reporter-output>
          </reporter-output>
        </test-method> <!-- runScenario -->
        <test-method is-config="true" signature="tearDownClass()[pri:0, instance:runners.TestRunner@21d03963]" started-at="2026-04-21T17:30:49 IST" name="tearDownClass" finished-at="2026-04-21T17:30:49 IST" duration-ms="2" status="PASS">
          <reporter-output>
          </reporter-output>
        </test-method> <!-- tearDownClass -->
      </class> <!-- runners.TestRunner -->
    </test> <!-- Default test -->
  </suite> <!-- Default suite -->
</testng-results>
