<?xml version="1.0" encoding="UTF-8"?>
<!-- Generated by org.testng.reporters.JUnitReportReporter -->
<testsuite hostname="LTIN689548" failures="0" tests="3" name="runners.TestRunner" time="34.395" errors="0" timestamp="2026-04-21T17:30:49 IST" skipped="0">
  <testcase classname="runners.TestRunner" name="runScenario" time="9.267"/>
  <testcase classname="runners.TestRunner" name="runScenario" time="18.104"/>
  <testcase classname="runners.TestRunner" name="runScenario" time="7.024"/>
</testsuite> <!-- runners.TestRunner -->
