<?xml version="1.0" encoding="UTF-8"?>
<!-- Generated by org.testng.reporters.JUnitReportReporter -->
<testsuite hostname="LTIN689548" failures="0" tests="3" name="tests.UrbanLadderTestNGTest" time="26.107" errors="0" timestamp="2026-04-21T17:29:57 IST" skipped="0">
  <testcase classname="tests.UrbanLadderTestNGTest" name="verifyBookshelves" time="8.747"/>
  <testcase classname="tests.UrbanLadderTestNGTest" name="verifySofaMenu" time="6.374"/>
  <testcase classname="tests.UrbanLadderTestNGTest" name="verifyGiftCard" time="10.986"/>
</testsuite> <!-- tests.UrbanLadderTestNGTest -->
